0 info it worked if it ends with ok
1 verbose cli [ 'C:\\Program Files\\nodejs\\node.exe',
1 verbose cli   'C:\\Program Files\\nodejs\\node_modules\\npm\\bin\\npm-cli.js',
1 verbose cli   'run',
1 verbose cli   'build-all' ]
2 info using npm@3.10.3
3 info using node@v6.6.0
4 verbose run-script [ 'prebuild-all', 'build-all', 'postbuild-all' ]
5 info lifecycle ijmacd-game-engine@1.0.0~prebuild-all: ijmacd-game-engine@1.0.0
6 silly lifecycle ijmacd-game-engine@1.0.0~prebuild-all: no script for prebuild-all, continuing
7 info lifecycle ijmacd-game-engine@1.0.0~build-all: ijmacd-game-engine@1.0.0
8 verbose lifecycle ijmacd-game-engine@1.0.0~build-all: unsafe-perm in lifecycle true
9 verbose lifecycle ijmacd-game-engine@1.0.0~build-all: PATH: C:\Users\Iain\AppData\Roaming\nvm\v6.6.0\node_modules\npm\bin\node-gyp-bin;D:\Code\GameEngine\node_modules\.bin;C:\Program Files\nodejs;C:\ProgramData\Oracle\Java\javapath;C:\Python27\;C:\Python27\Scripts;C:\Program Files (x86)\Intel\iCLS Client\;C:\Program Files\Intel\iCLS Client\;C:\WINDOWS\system32;C:\WINDOWS;C:\WINDOWS\System32\Wbem;C:\WINDOWS\System32\WindowsPowerShell\v1.0\;C:\Program Files\Intel\Intel(R) Management Engine Components\DAL;C:\Program Files (x86)\Intel\Intel(R) Management Engine Components\DAL;C:\Program Files\Intel\Intel(R) Management Engine Components\IPT;C:\Program Files (x86)\Intel\Intel(R) Management Engine Components\IPT;C:\Program Files\Microsoft SQL Server\120\Tools\Binn\;C:\Program Files (x86)\GtkSharp\2.12\bin;C:\HashiCorp\Vagrant\bin;C:\Program Files (x86)\NTP\bin;C:\Program Files (x86)\Skype\Phone\;%USERPROFILE%\.dnx\bin;C:\Program Files\Microsoft DNX\Dnvm\;C:\Program Files\Microsoft SQL Server\130\Tools\Binn\;C:\Program Files (x86)\Windows Kits\10\Windows Performance Toolkit\;%localappdata%\Microsoft\WindowsApps;C:\Program Files (x86)\Heroku\bin;C:\Users\Iain\AppData\Roaming\nvm;C:\Program Files\nodejs;C:\Program Files\Git\cmd;C:\Users\Iain\AppData\Local\atom\bin;C:\Program Files (x86)\Google\google_appengine\;C:\Program Files (x86)\Java\jre1.8.0_45\bin;C:\Users\Iain\AppData\Local\Android\android-sdk\platform-tools;C:\Users\Iain\bin;C:\OpenSSL-Win64\bin;C:\Users\Iain\AppData\Local\Microsoft\WindowsApps;C:\Users\Iain\AppData\Roaming\npm;C:\Program Files\PostgreSQL\9.6\bin;C:\Program Files (x86)\Microsoft VS Code\bin
10 verbose lifecycle ijmacd-game-engine@1.0.0~build-all: CWD: D:\Code\GameEngine
11 silly lifecycle ijmacd-game-engine@1.0.0~build-all: Args: [ '/d /s /c',
11 silly lifecycle   'webpack && npm run build-min && npm run build-es5' ]
12 silly lifecycle ijmacd-game-engine@1.0.0~build-all: Returned: code: 1  signal: null
13 info lifecycle ijmacd-game-engine@1.0.0~build-all: Failed to exec build-all script
14 verbose stack Error: ijmacd-game-engine@1.0.0 build-all: `webpack && npm run build-min && npm run build-es5`
14 verbose stack Exit status 1
14 verbose stack     at EventEmitter.<anonymous> (C:\Users\Iain\AppData\Roaming\nvm\v6.6.0\node_modules\npm\lib\utils\lifecycle.js:242:16)
14 verbose stack     at emitTwo (events.js:106:13)
14 verbose stack     at EventEmitter.emit (events.js:191:7)
14 verbose stack     at ChildProcess.<anonymous> (C:\Users\Iain\AppData\Roaming\nvm\v6.6.0\node_modules\npm\lib\utils\spawn.js:40:14)
14 verbose stack     at emitTwo (events.js:106:13)
14 verbose stack     at ChildProcess.emit (events.js:191:7)
14 verbose stack     at maybeClose (internal/child_process.js:877:16)
14 verbose stack     at Process.ChildProcess._handle.onexit (internal/child_process.js:226:5)
15 verbose pkgid ijmacd-game-engine@1.0.0
16 verbose cwd D:\Code\GameEngine
17 error Windows_NT 10.0.14986
18 error argv "C:\\Program Files\\nodejs\\node.exe" "C:\\Program Files\\nodejs\\node_modules\\npm\\bin\\npm-cli.js" "run" "build-all"
19 error node v6.6.0
20 error npm  v3.10.3
21 error code ELIFECYCLE
22 error ijmacd-game-engine@1.0.0 build-all: `webpack && npm run build-min && npm run build-es5`
22 error Exit status 1
23 error Failed at the ijmacd-game-engine@1.0.0 build-all script 'webpack && npm run build-min && npm run build-es5'.
23 error Make sure you have the latest version of node.js and npm installed.
23 error If you do, this is most likely a problem with the ijmacd-game-engine package,
23 error not with npm itself.
23 error Tell the author that this fails on your system:
23 error     webpack && npm run build-min && npm run build-es5
23 error You can get information on how to open an issue for this project with:
23 error     npm bugs ijmacd-game-engine
23 error Or if that isn't available, you can get their info via:
23 error     npm owner ls ijmacd-game-engine
23 error There is likely additional logging output above.
24 verbose exit [ 1, true ]
